# JRE version: Java(TM) SE Runtime Environment (21.0.3+7) (build 21.0.3+7-LTS-152)
# Java VM: Java HotSpot(TM) 64-Bit Server VM (21.0.3+7-LTS-152, mixed mode, sharing, tiered, compressed oops, compressed class ptrs, g1 gc, windows-amd64)
GC Precious Log:
 CardTable entry size: 512
 Card Set container configuration: InlinePtr #cards 4 size 8 Array Of Cards #cards 16 size 48 Howl #buckets 8 coarsen threshold 3686 Howl Bitmap #cards 512 size 80 coarsen threshold 460 Card regions per heap region 1 cards per card region 4096
 CPUs: 12 total, 12 available
 Memory: 15713M
 Large Page Support: Disabled
 NUMA Support: Disabled
 Compressed Oops: Enabled (Zero based)
 Heap Region Size: 2M
 Heap Min Capacity: 8M
 Heap Initial Capacity: 246M
 Heap Max Capacity: 3930M
 Pre-touch: Disabled
 Parallel Workers: 10
 Concurrent Workers: 3
 Concurrent Refinement Workers: 10
 Periodic GC: Disabled
Heap:
 garbage-first heap   total 649216K, used 419703K [0x000000070a600000, 0x0000000800000000)
  region size 2048K, 12 young (24576K), 12 survivors (24576K)
 Metaspace       used 76021K, committed 77056K, reserved 1179648K
  class space    used 8758K, committed 9216K, reserved 1048576K
GC Heap History (20 events):
Event: 219.557 GC heap after
{Heap after GC invocations=41 (full 0):
 garbage-first heap   total 327680K, used 170333K [0x000000070a600000, 0x0000000800000000)
  region size 2048K, 9 young (18432K), 9 survivors (18432K)
 Metaspace       used 75346K, committed 76352K, reserved 1179648K
  class space    used 8728K, committed 9216K, reserved 1048576K
}
Event: 219.837 GC heap before
{Heap before GC invocations=41 (full 0):
 garbage-first heap   total 327680K, used 276829K [0x000000070a600000, 0x0000000800000000)
  region size 2048K, 61 young (124928K), 9 survivors (18432K)
 Metaspace       used 75364K, committed 76352K, reserved 1179648K
  class space    used 8729K, committed 9216K, reserved 1048576K
}
Event: 219.850 GC heap after
{Heap after GC invocations=42 (full 0):
 garbage-first heap   total 327680K, used 189303K [0x000000070a600000, 0x0000000800000000)
  region size 2048K, 8 young (16384K), 8 survivors (16384K)
 Metaspace       used 75364K, committed 76352K, reserved 1179648K
  class space    used 8729K, committed 9216K, reserved 1048576K
}
Event: 220.210 GC heap before
{Heap before GC invocations=43 (full 0):
 garbage-first heap   total 376832K, used 285559K [0x000000070a600000, 0x0000000800000000)
  region size 2048K, 55 young (112640K), 8 survivors (16384K)
 Metaspace       used 75387K, committed 76416K, reserved 1179648K
  class space    used 8729K, committed 9216K, reserved 1048576K
}
Event: 220.222 GC heap after
{Heap after GC invocations=44 (full 0):
 garbage-first heap   total 376832K, used 204702K [0x000000070a600000, 0x0000000800000000)
  region size 2048K, 7 young (14336K), 7 survivors (14336K)
 Metaspace       used 75387K, committed 76416K, reserved 1179648K
  class space    used 8729K, committed 9216K, reserved 1048576K
}
Event: 220.628 GC heap before
{Heap before GC invocations=44 (full 0):
 garbage-first heap   total 376832K, used 329630K [0x000000070a600000, 0x0000000800000000)
  region size 2048K, 68 young (139264K), 7 survivors (14336K)
 Metaspace       used 75404K, committed 76416K, reserved 1179648K
  class space    used 8730K, committed 9216K, reserved 1048576K
}
Event: 220.643 GC heap after
{Heap after GC invocations=45 (full 0):
 garbage-first heap   total 376832K, used 223232K [0x000000070a600000, 0x0000000800000000)
  region size 2048K, 9 young (18432K), 9 survivors (18432K)
 Metaspace       used 75404K, committed 76416K, reserved 1179648K
  class space    used 8730K, committed 9216K, reserved 1048576K
}
Event: 220.890 GC heap before
{Heap before GC invocations=45 (full 0):
 garbage-first heap   total 376832K, used 333824K [0x000000070a600000, 0x0000000800000000)
  region size 2048K, 63 young (129024K), 9 survivors (18432K)
 Metaspace       used 75407K, committed 76416K, reserved 1179648K
  class space    used 8730K, committed 9216K, reserved 1048576K
}
Event: 220.904 GC heap after
{Heap after GC invocations=46 (full 0):
 garbage-first heap   total 514048K, used 242982K [0x000000070a600000, 0x0000000800000000)
  region size 2048K, 8 young (16384K), 8 survivors (16384K)
 Metaspace       used 75407K, committed 76416K, reserved 1179648K
  class space    used 8730K, committed 9216K, reserved 1048576K
}
Event: 221.401 GC heap before
{Heap before GC invocations=47 (full 0):
 garbage-first heap   total 514048K, used 443686K [0x000000070a600000, 0x0000000800000000)
  region size 2048K, 106 young (217088K), 8 survivors (16384K)
 Metaspace       used 75437K, committed 76416K, reserved 1179648K
  class space    used 8730K, committed 9216K, reserved 1048576K
}
Event: 221.421 GC heap after
{Heap after GC invocations=48 (full 0):
 garbage-first heap   total 514048K, used 278356K [0x000000070a600000, 0x0000000800000000)
  region size 2048K, 14 young (28672K), 14 survivors (28672K)
 Metaspace       used 75437K, committed 76416K, reserved 1179648K
  class space    used 8730K, committed 9216K, reserved 1048576K
}
Event: 221.744 GC heap before
{Heap before GC invocations=48 (full 0):
 garbage-first heap   total 514048K, used 442196K [0x000000070a600000, 0x0000000800000000)
  region size 2048K, 93 young (190464K), 14 survivors (28672K)
 Metaspace       used 75438K, committed 76416K, reserved 1179648K
  class space    used 8730K, committed 9216K, reserved 1048576K
}
Event: 221.767 GC heap after
{Heap after GC invocations=49 (full 0):
 garbage-first heap   total 514048K, used 309248K [0x000000070a600000, 0x0000000800000000)
  region size 2048K, 12 young (24576K), 12 survivors (24576K)
 Metaspace       used 75438K, committed 76416K, reserved 1179648K
  class space    used 8730K, committed 9216K, reserved 1048576K
}
Event: 222.280 GC heap before
{Heap before GC invocations=49 (full 0):
 garbage-first heap   total 514048K, used 454656K [0x000000070a600000, 0x0000000800000000)
  region size 2048K, 83 young (169984K), 12 survivors (24576K)
 Metaspace       used 75692K, committed 76672K, reserved 1179648K
  class space    used 8755K, committed 9216K, reserved 1048576K
}
Event: 222.298 GC heap after
{Heap after GC invocations=50 (full 0):
 garbage-first heap   total 514048K, used 337920K [0x000000070a600000, 0x0000000800000000)
  region size 2048K, 11 young (22528K), 11 survivors (22528K)
 Metaspace       used 75692K, committed 76672K, reserved 1179648K
  class space    used 8755K, committed 9216K, reserved 1048576K
}
Event: 222.690 GC heap before
{Heap before GC invocations=51 (full 0):
 garbage-first heap   total 649216K, used 456704K [0x000000070a600000, 0x0000000800000000)
  region size 2048K, 69 young (141312K), 11 survivors (22528K)
 Metaspace       used 75696K, committed 76672K, reserved 1179648K
  class space    used 8755K, committed 9216K, reserved 1048576K
}
Event: 222.708 GC heap after
{Heap after GC invocations=52 (full 0):
 garbage-first heap   total 649216K, used 363057K [0x000000070a600000, 0x0000000800000000)
  region size 2048K, 9 young (18432K), 9 survivors (18432K)
 Metaspace       used 75696K, committed 76672K, reserved 1179648K
  class space    used 8755K, committed 9216K, reserved 1048576K
}
Event: 223.064 GC heap before
{Heap before GC invocations=52 (full 0):
 garbage-first heap   total 649216K, used 555569K [0x000000070a600000, 0x0000000800000000)
  region size 2048K, 103 young (210944K), 9 survivors (18432K)
 Metaspace       used 75698K, committed 76672K, reserved 1179648K
  class space    used 8755K, committed 9216K, reserved 1048576K
}
Event: 223.083 GC heap after
{Heap after GC invocations=53 (full 0):
 garbage-first heap   total 649216K, used 391705K [0x000000070a600000, 0x0000000800000000)
  region size 2048K, 13 young (26624K), 13 survivors (26624K)
 Metaspace       used 75698K, committed 76672K, reserved 1179648K
  class space    used 8755K, committed 9216K, reserved 1048576K
}
Event: 223.760 GC heap before
{Heap before GC invocations=53 (full 0):
 garbage-first heap   total 649216K, used 567833K [0x000000070a600000, 0x0000000800000000)
  region size 2048K, 99 young (202752K), 13 survivors (26624K)
 Metaspace       used 76021K, committed 77056K, reserved 1179648K
  class space    used 8758K, committed 9216K, reserved 1048576K
}

